#
# There is insufficient memory for the Java Runtime Environment to continue.
# Native memory allocation (malloc) failed to allocate 1228976 bytes. Error detail: Chunk::new
# Possible reasons:
#   The system is out of physical RAM or swap space
#   This process is running with CompressedOops enabled, and the Java Heap may be blocking the growth of the native heap
# Possible solutions:
#   Reduce memory load on the system
#   Increase physical memory or swap space
#   Check if swap backing store is full
#   Decrease Java heap size (-Xmx/-Xms)
#   Decrease number of Java threads
#   Decrease Java thread stack sizes (-Xss)
#   Set larger code cache with -XX:ReservedCodeCacheSize=
#   JVM is running with Zero Based Compressed Oops mode in which the Java heap is
#     placed in the first 32GB address space. The Java Heap base address is the
#     maximum limit for the native heap growth. Please use -XX:HeapBaseMinAddress
#     to set the Java Heap base and to place the Java Heap above 32GB virtual address.
# This output file may be truncated or incomplete.
#
#  Out of Memory Error (arena.cpp:168), pid=14068, tid=26752
#
# JRE version: OpenJDK Runtime Environment (21.0.5) (build 21.0.5+-12932927-b750.29)
# Java VM: OpenJDK 64-Bit Server VM (21.0.5+-12932927-b750.29, mixed mode, tiered, compressed oops, compressed class ptrs, g1 gc, windows-amd64)
# Core dump will be written. Default location: C:\MyApplication2\hs_err_pid14068.mdmp
#

---------------  S U M M A R Y ------------

Command Line: git4idea.http.GitAskPassApp Password for 'https://bard678@github.com': 

Host: Intel(R) Xeon(R) Gold 6130 CPU @ 2.10GHz, 16 cores, 31G,  Windows Server 2022 , 64 bit Build 20348 (10.0.20348.143)
Time: Thu Apr  3 07:15:12 2025 Pacific Daylight Time elapsed time: 0.772420 seconds (0d 0h 0m 0s)

---------------  T H R E A D  ---------------

Current thread (0x0000022123a08840):  JavaThread "C2 CompilerThread0" daemon [_thread_in_native, id=26752, stack(0x0000004f7af00000,0x0000004f7b000000) (1024K)]


Current CompileTask:
C2:772 1135       4       sun.security.ec.ECOperations::setDouble (463 bytes)

Stack: [0x0000004f7af00000,0x0000004f7b000000]
Native frames: (J=compiled Java code, j=interpreted, Vv=VM code, C=native code)
V  [jvm.dll+0x6cfb29]
V  [jvm.dll+0x85ded3]
V  [jvm.dll+0x86042e]
V  [jvm.dll+0x860b13]
V  [jvm.dll+0x27e6b6]
V  [jvm.dll+0xbff6d]
V  [jvm.dll+0xc04a3]
V  [jvm.dll+0x3b5fc1]
V  [jvm.dll+0x381f97]
V  [jvm.dll+0x38140a]
V  [jvm.dll+0x247c62]
V  [jvm.dll+0x247231]
V  [jvm.dll+0x1c5ee4]
V  [jvm.dll+0x25697c]
V  [jvm.dll+0x254ec6]
V  [jvm.dll+0x3f0ce6]
V  [jvm.dll+0x806368]
V  [jvm.dll+0x6ce3fd]
C  [ucrtbase.dll+0x26b4c]
C  [KERNEL32.DLL+0x14ed0]
C  [ntdll.dll+0x7e20b]


---------------  P R O C E S S  ---------------

Threads class SMR info:
_java_thread_list=0x00000221284223c0, length=19, elements={
0x0000022103e48d00, 0x00000221239e4ae0, 0x00000221239e57f0, 0x00000221239fd2e0,
0x00000221239f33f0, 0x0000022123a05de0, 0x0000022123a0b030, 0x0000022123a08840,
0x0000022123a092d0, 0x0000022123b389f0, 0x0000022123bb5110, 0x0000022123bbd940,
0x00000221283b7f60, 0x000002212842e840, 0x0000022128436020, 0x0000022128561030,
0x0000022128561ae0, 0x0000022128682e20, 0x00000221284deb00
}

Java Threads: ( => current thread )
  0x0000022103e48d00 JavaThread "main"                              [_thread_blocked, id=31908, stack(0x0000004f7a100000,0x0000004f7a200000) (1024K)]
  0x00000221239e4ae0 JavaThread "Reference Handler"          daemon [_thread_blocked, id=8136, stack(0x0000004f7a900000,0x0000004f7aa00000) (1024K)]
  0x00000221239e57f0 JavaThread "Finalizer"                  daemon [_thread_blocked, id=19772, stack(0x0000004f7aa00000,0x0000004f7ab00000) (1024K)]
  0x00000221239fd2e0 JavaThread "Signal Dispatcher"          daemon [_thread_blocked, id=10064, stack(0x0000004f7ab00000,0x0000004f7ac00000) (1024K)]
  0x00000221239f33f0 JavaThread "Attach Listener"            daemon [_thread_blocked, id=16516, stack(0x0000004f7ac00000,0x0000004f7ad00000) (1024K)]
  0x0000022123a05de0 JavaThread "Service Thread"             daemon [_thread_blocked, id=10508, stack(0x0000004f7ad00000,0x0000004f7ae00000) (1024K)]
  0x0000022123a0b030 JavaThread "Monitor Deflation Thread"   daemon [_thread_blocked, id=4228, stack(0x0000004f7ae00000,0x0000004f7af00000) (1024K)]
=>0x0000022123a08840 JavaThread "C2 CompilerThread0"         daemon [_thread_in_native, id=26752, stack(0x0000004f7af00000,0x0000004f7b000000) (1024K)]
  0x0000022123a092d0 JavaThread "C1 CompilerThread0"         daemon [_thread_blocked, id=14932, stack(0x0000004f7b000000,0x0000004f7b100000) (1024K)]
  0x0000022123b389f0 JavaThread "C1 CompilerThread1"         daemon [_thread_blocked, id=23604, stack(0x0000004f7b100000,0x0000004f7b200000) (1024K)]
  0x0000022123bb5110 JavaThread "Notification Thread"        daemon [_thread_blocked, id=27556, stack(0x0000004f7b200000,0x0000004f7b300000) (1024K)]
  0x0000022123bbd940 JavaThread "Common-Cleaner"             daemon [_thread_blocked, id=9320, stack(0x0000004f7b300000,0x0000004f7b400000) (1024K)]
  0x00000221283b7f60 JavaThread "HttpClient-1-SelectorManager" daemon [_thread_in_native, id=17648, stack(0x0000004f7b400000,0x0000004f7b500000) (1024K)]
  0x000002212842e840 JavaThread "HttpClient-1-Worker-0"      daemon [_thread_blocked, id=17696, stack(0x0000004f7b600000,0x0000004f7b700000) (1024K)]
  0x0000022128436020 JavaThread "HttpClient-1-Worker-1"      daemon [_thread_blocked, id=11356, stack(0x0000004f7b700000,0x0000004f7b800000) (1024K)]
  0x0000022128561030 JavaThread "C2 CompilerThread1"         daemon [_thread_blocked, id=16120, stack(0x0000004f7b800000,0x0000004f7b900000) (1024K)]
  0x0000022128561ae0 JavaThread "C2 CompilerThread2"         daemon [_thread_blocked, id=23756, stack(0x0000004f7b900000,0x0000004f7ba00000) (1024K)]
  0x0000022128682e20 JavaThread "C2 CompilerThread3"         daemon [_thread_blocked, id=25152, stack(0x0000004f7ba00000,0x0000004f7bb00000) (1024K)]
  0x00000221284deb00 JavaThread "C2 CompilerThread4"         daemon [_thread_blocked, id=32580, stack(0x0000004f7bb00000,0x0000004f7bc00000) (1024K)]
Total: 19

Other Threads:
  0x000002212395f430 VMThread "VM Thread"                           [id=19168, stack(0x0000004f7a800000,0x0000004f7a900000) (1024K)]
  0x0000022120a0c540 WatcherThread "VM Periodic Task Thread"        [id=23244, stack(0x0000004f7a700000,0x0000004f7a800000) (1024K)]
  0x0000022103eeccf0 WorkerThread "GC Thread#0"                     [id=27520, stack(0x0000004f7a200000,0x0000004f7a300000) (1024K)]
  0x0000022120862410 ConcurrentGCThread "G1 Main Marker"            [id=12264, stack(0x0000004f7a300000,0x0000004f7a400000) (1024K)]
  0x0000022103efbd40 WorkerThread "G1 Conc#0"                       [id=4860, stack(0x0000004f7a400000,0x0000004f7a500000) (1024K)]
  0x00000221208cf180 ConcurrentGCThread "G1 Refine#0"               [id=2540, stack(0x0000004f7a500000,0x0000004f7a600000) (1024K)]
  0x00000221208cfbf0 ConcurrentGCThread "G1 Service"                [id=14856, stack(0x0000004f7a600000,0x0000004f7a700000) (1024K)]
Total: 7

Threads with active compile tasks:
C2 CompilerThread0  836 1135       4       sun.security.ec.ECOperations::setDouble (463 bytes)
Total: 1

VM state: not at safepoint (normal execution)

VM Mutex/Monitor currently owned by a thread: None

Heap address: 0x0000000600000000, size: 8192 MB, Compressed Oops mode: Zero based, Oop shift amount: 3

CDS archive(s) not mapped
Compressed class space mapped at: 0x0000000800000000-0x0000000840000000, reserved size: 1073741824
Narrow klass base: 0x0000000800000000, Narrow klass shift: 0, Narrow klass range: 0x40000000

GC Precious Log:
 CardTable entry size: 512
 Card Set container configuration: InlinePtr #cards 4 size 8 Array Of Cards #cards 32 size 80 Howl #buckets 8 coarsen threshold 7372 Howl Bitmap #cards 1024 size 144 coarsen threshold 921 Card regions per heap region 1 cards per card region 8192
 CPUs: 16 total, 16 available
 Memory: 32767M
 Large Page Support: Disabled
 NUMA Support: Disabled
 Compressed Oops: Enabled (Zero based)
 Heap Region Size: 4M
 Heap Min Capacity: 8M
 Heap Initial Capacity: 512M
 Heap Max Capacity: 8G
 Pre-touch: Disabled
 Parallel Workers: 13
 Concurrent Workers: 3
 Concurrent Refinement Workers: 13
 Periodic GC: Disabled

Heap:
 garbage-first heap   total 524288K, used 16384K [0x0000000600000000, 0x0000000800000000)
  region size 4096K, 5 young (20480K), 0 survivors (0K)
 Metaspace       used 17284K, committed 17536K, reserved 1114112K
  class space    used 1837K, committed 1920K, reserved 1048576K

Heap Regions: E=young(eden), S=young(survivor), O=old, HS=humongous(starts), HC=humongous(continues), CS=collection set, F=free, TAMS=top-at-mark-start, PB=parsable bottom
|   0|0x0000000600000000, 0x0000000600000000, 0x0000000600400000|  0%| F|  |TAMS 0x0000000600000000| PB 0x0000000600000000| Untracked 
|   1|0x0000000600400000, 0x0000000600400000, 0x0000000600800000|  0%| F|  |TAMS 0x0000000600400000| PB 0x0000000600400000| Untracked 
|   2|0x0000000600800000, 0x0000000600800000, 0x0000000600c00000|  0%| F|  |TAMS 0x0000000600800000| PB 0x0000000600800000| Untracked 
|   3|0x0000000600c00000, 0x0000000600c00000, 0x0000000601000000|  0%| F|  |TAMS 0x0000000600c00000| PB 0x0000000600c00000| Untracked 
|   4|0x0000000601000000, 0x0000000601000000, 0x0000000601400000|  0%| F|  |TAMS 0x0000000601000000| PB 0x0000000601000000| Untracked 
|   5|0x0000000601400000, 0x0000000601400000, 0x0000000601800000|  0%| F|  |TAMS 0x0000000601400000| PB 0x0000000601400000| Untracked 
|   6|0x0000000601800000, 0x0000000601800000, 0x0000000601c00000|  0%| F|  |TAMS 0x0000000601800000| PB 0x0000000601800000| Untracked 
|   7|0x0000000601c00000, 0x0000000601c00000, 0x0000000602000000|  0%| F|  |TAMS 0x0000000601c00000| PB 0x0000000601c00000| Untracked 
|   8|0x0000000602000000, 0x0000000602000000, 0x0000000602400000|  0%| F|  |TAMS 0x0000000602000000| PB 0x0000000602000000| Untracked 
|   9|0x0000000602400000, 0x0000000602400000, 0x0000000602800000|  0%| F|  |TAMS 0x0000000602400000| PB 0x0000000602400000| Untracked 
|  10|0x0000000602800000, 0x0000000602800000, 0x0000000602c00000|  0%| F|  |TAMS 0x0000000602800000| PB 0x0000000602800000| Untracked 
|  11|0x0000000602c00000, 0x0000000602c00000, 0x0000000603000000|  0%| F|  |TAMS 0x0000000602c00000| PB 0x0000000602c00000| Untracked 
|  12|0x0000000603000000, 0x0000000603000000, 0x0000000603400000|  0%| F|  |TAMS 0x0000000603000000| PB 0x0000000603000000| Untracked 
|  13|0x0000000603400000, 0x0000000603400000, 0x0000000603800000|  0%| F|  |TAMS 0x0000000603400000| PB 0x0000000603400000| Untracked 
|  14|0x0000000603800000, 0x0000000603800000, 0x0000000603c00000|  0%| F|  |TAMS 0x0000000603800000| PB 0x0000000603800000| Untracked 
|  15|0x0000000603c00000, 0x0000000603c00000, 0x0000000604000000|  0%| F|  |TAMS 0x0000000603c00000| PB 0x0000000603c00000| Untracked 
|  16|0x0000000604000000, 0x0000000604000000, 0x0000000604400000|  0%| F|  |TAMS 0x0000000604000000| PB 0x0000000604000000| Untracked 
|  17|0x0000000604400000, 0x0000000604400000, 0x0000000604800000|  0%| F|  |TAMS 0x0000000604400000| PB 0x0000000604400000| Untracked 
|  18|0x0000000604800000, 0x0000000604800000, 0x0000000604c00000|  0%| F|  |TAMS 0x0000000604800000| PB 0x0000000604800000| Untracked 
|  19|0x0000000604c00000, 0x0000000604c00000, 0x0000000605000000|  0%| F|  |TAMS 0x0000000604c00000| PB 0x0000000604c00000| Untracked 
|  20|0x0000000605000000, 0x0000000605000000, 0x0000000605400000|  0%| F|  |TAMS 0x0000000605000000| PB 0x0000000605000000| Untracked 
|  21|0x0000000605400000, 0x0000000605400000, 0x0000000605800000|  0%| F|  |TAMS 0x0000000605400000| PB 0x0000000605400000| Untracked 
|  22|0x0000000605800000, 0x0000000605800000, 0x0000000605c00000|  0%| F|  |TAMS 0x0000000605800000| PB 0x0000000605800000| Untracked 
|  23|0x0000000605c00000, 0x0000000605c00000, 0x0000000606000000|  0%| F|  |TAMS 0x0000000605c00000| PB 0x0000000605c00000| Untracked 
|  24|0x0000000606000000, 0x0000000606000000, 0x0000000606400000|  0%| F|  |TAMS 0x0000000606000000| PB 0x0000000606000000| Untracked 
|  25|0x0000000606400000, 0x0000000606400000, 0x0000000606800000|  0%| F|  |TAMS 0x0000000606400000| PB 0x0000000606400000| Untracked 
|  26|0x0000000606800000, 0x0000000606800000, 0x0000000606c00000|  0%| F|  |TAMS 0x0000000606800000| PB 0x0000000606800000| Untracked 
|  27|0x0000000606c00000, 0x0000000606c00000, 0x0000000607000000|  0%| F|  |TAMS 0x0000000606c00000| PB 0x0000000606c00000| Untracked 
|  28|0x0000000607000000, 0x0000000607000000, 0x0000000607400000|  0%| F|  |TAMS 0x0000000607000000| PB 0x0000000607000000| Untracked 
|  29|0x0000000607400000, 0x0000000607400000, 0x0000000607800000|  0%| F|  |TAMS 0x0000000607400000| PB 0x0000000607400000| Untracked 
|  30|0x0000000607800000, 0x0000000607800000, 0x0000000607c00000|  0%| F|  |TAMS 0x0000000607800000| PB 0x0000000607800000| Untracked 
|  31|0x0000000607c00000, 0x0000000607c00000, 0x0000000608000000|  0%| F|  |TAMS 0x0000000607c00000| PB 0x0000000607c00000| Untracked 
|  32|0x0000000608000000, 0x0000000608000000, 0x0000000608400000|  0%| F|  |TAMS 0x0000000608000000| PB 0x0000000608000000| Untracked 
|  33|0x0000000608400000, 0x0000000608400000, 0x0000000608800000|  0%| F|  |TAMS 0x0000000608400000| PB 0x0000000608400000| Untracked 
|  34|0x0000000608800000, 0x0000000608800000, 0x0000000608c00000|  0%| F|  |TAMS 0x0000000608800000| PB 0x0000000608800000| Untracked 
|  35|0x0000000608c00000, 0x0000000608c00000, 0x0000000609000000|  0%| F|  |TAMS 0x0000000608c00000| PB 0x0000000608c00000| Untracked 
|  36|0x0000000609000000, 0x0000000609000000, 0x0000000609400000|  0%| F|  |TAMS 0x0000000609000000| PB 0x0000000609000000| Untracked 
|  37|0x0000000609400000, 0x0000000609400000, 0x0000000609800000|  0%| F|  |TAMS 0x0000000609400000| PB 0x0000000609400000| Untracked 
|  38|0x0000000609800000, 0x0000000609800000, 0x0000000609c00000|  0%| F|  |TAMS 0x0000000609800000| PB 0x0000000609800000| Untracked 
|  39|0x0000000609c00000, 0x0000000609c00000, 0x000000060a000000|  0%| F|  |TAMS 0x0000000609c00000| PB 0x0000000609c00000| Untracked 
|  40|0x000000060a000000, 0x000000060a000000, 0x000000060a400000|  0%| F|  |TAMS 0x000000060a000000| PB 0x000000060a000000| Untracked 
|  41|0x000000060a400000, 0x000000060a400000, 0x000000060a800000|  0%| F|  |TAMS 0x000000060a400000| PB 0x000000060a400000| Untracked 
|  42|0x000000060a800000, 0x000000060a800000, 0x000000060ac00000|  0%| F|  |TAMS 0x000000060a800000| PB 0x000000060a800000| Untracked 
|  43|0x000000060ac00000, 0x000000060ac00000, 0x000000060b000000|  0%| F|  |TAMS 0x000000060ac00000| PB 0x000000060ac00000| Untracked 
|  44|0x000000060b000000, 0x000000060b000000, 0x000000060b400000|  0%| F|  |TAMS 0x000000060b000000| PB 0x000000060b000000| Untracked 
|  45|0x000000060b400000, 0x000000060b400000, 0x000000060b800000|  0%| F|  |TAMS 0x000000060b400000| PB 0x000000060b400000| Untracked 
|  46|0x000000060b800000, 0x000000060b800000, 0x000000060bc00000|  0%| F|  |TAMS 0x000000060b800000| PB 0x000000060b800000| Untracked 
|  47|0x000000060bc00000, 0x000000060bc00000, 0x000000060c000000|  0%| F|  |TAMS 0x000000060bc00000| PB 0x000000060bc00000| Untracked 
|  48|0x000000060c000000, 0x000000060c000000, 0x000000060c400000|  0%| F|  |TAMS 0x000000060c000000| PB 0x000000060c000000| Untracked 
|  49|0x000000060c400000, 0x000000060c400000, 0x000000060c800000|  0%| F|  |TAMS 0x000000060c400000| PB 0x000000060c400000| Untracked 
|  50|0x000000060c800000, 0x000000060c800000, 0x000000060cc00000|  0%| F|  |TAMS 0x000000060c800000| PB 0x000000060c800000| Untracked 
|  51|0x000000060cc00000, 0x000000060cc00000, 0x000000060d000000|  0%| F|  |TAMS 0x000000060cc00000| PB 0x000000060cc00000| Untracked 
|  52|0x000000060d000000, 0x000000060d000000, 0x000000060d400000|  0%| F|  |TAMS 0x000000060d000000| PB 0x000000060d000000| Untracked 
|  53|0x000000060d400000, 0x000000060d400000, 0x000000060d800000|  0%| F|  |TAMS 0x000000060d400000| PB 0x000000060d400000| Untracked 
|  54|0x000000060d800000, 0x000000060d800000, 0x000000060dc00000|  0%| F|  |TAMS 0x000000060d800000| PB 0x000000060d800000| Untracked 
|  55|0x000000060dc00000, 0x000000060dc00000, 0x000000060e000000|  0%| F|  |TAMS 0x000000060dc00000| PB 0x000000060dc00000| Untracked 
|  56|0x000000060e000000, 0x000000060e000000, 0x000000060e400000|  0%| F|  |TAMS 0x000000060e000000| PB 0x000000060e000000| Untracked 
|  57|0x000000060e400000, 0x000000060e400000, 0x000000060e800000|  0%| F|  |TAMS 0x000000060e400000| PB 0x000000060e400000| Untracked 
|  58|0x000000060e800000, 0x000000060e800000, 0x000000060ec00000|  0%| F|  |TAMS 0x000000060e800000| PB 0x000000060e800000| Untracked 
|  59|0x000000060ec00000, 0x000000060ec00000, 0x000000060f000000|  0%| F|  |TAMS 0x000000060ec00000| PB 0x000000060ec00000| Untracked 
|  60|0x000000060f000000, 0x000000060f000000, 0x000000060f400000|  0%| F|  |TAMS 0x000000060f000000| PB 0x000000060f000000| Untracked 
|  61|0x000000060f400000, 0x000000060f400000, 0x000000060f800000|  0%| F|  |TAMS 0x000000060f400000| PB 0x000000060f400000| Untracked 
|  62|0x000000060f800000, 0x000000060f800000, 0x000000060fc00000|  0%| F|  |TAMS 0x000000060f800000| PB 0x000000060f800000| Untracked 
|  63|0x000000060fc00000, 0x000000060fc00000, 0x0000000610000000|  0%| F|  |TAMS 0x000000060fc00000| PB 0x000000060fc00000| Untracked 
|  64|0x0000000610000000, 0x0000000610000000, 0x0000000610400000|  0%| F|  |TAMS 0x0000000610000000| PB 0x0000000610000000| Untracked 
|  65|0x0000000610400000, 0x0000000610400000, 0x0000000610800000|  0%| F|  |TAMS 0x0000000610400000| PB 0x0000000610400000| Untracked 
|  66|0x0000000610800000, 0x0000000610800000, 0x0000000610c00000|  0%| F|  |TAMS 0x0000000610800000| PB 0x0000000610800000| Untracked 
|  67|0x0000000610c00000, 0x0000000610c00000, 0x0000000611000000|  0%| F|  |TAMS 0x0000000610c00000| PB 0x0000000610c00000| Untracked 
|  68|0x0000000611000000, 0x0000000611000000, 0x0000000611400000|  0%| F|  |TAMS 0x0000000611000000| PB 0x0000000611000000| Untracked 
|  69|0x0000000611400000, 0x0000000611400000, 0x0000000611800000|  0%| F|  |TAMS 0x0000000611400000| PB 0x0000000611400000| Untracked 
|  70|0x0000000611800000, 0x0000000611800000, 0x0000000611c00000|  0%| F|  |TAMS 0x0000000611800000| PB 0x0000000611800000| Untracked 
|  71|0x0000000611c00000, 0x0000000611c00000, 0x0000000612000000|  0%| F|  |TAMS 0x0000000611c00000| PB 0x0000000611c00000| Untracked 
|  72|0x0000000612000000, 0x0000000612000000, 0x0000000612400000|  0%| F|  |TAMS 0x0000000612000000| PB 0x0000000612000000| Untracked 
|  73|0x0000000612400000, 0x0000000612400000, 0x0000000612800000|  0%| F|  |TAMS 0x0000000612400000| PB 0x0000000612400000| Untracked 
|  74|0x0000000612800000, 0x0000000612800000, 0x0000000612c00000|  0%| F|  |TAMS 0x0000000612800000| PB 0x0000000612800000| Untracked 
|  75|0x0000000612c00000, 0x0000000612c00000, 0x0000000613000000|  0%| F|  |TAMS 0x0000000612c00000| PB 0x0000000612c00000| Untracked 
|  76|0x0000000613000000, 0x0000000613000000, 0x0000000613400000|  0%| F|  |TAMS 0x0000000613000000| PB 0x0000000613000000| Untracked 
|  77|0x0000000613400000, 0x0000000613400000, 0x0000000613800000|  0%| F|  |TAMS 0x0000000613400000| PB 0x0000000613400000| Untracked 
|  78|0x0000000613800000, 0x0000000613800000, 0x0000000613c00000|  0%| F|  |TAMS 0x0000000613800000| PB 0x0000000613800000| Untracked 
|  79|0x0000000613c00000, 0x0000000613c00000, 0x0000000614000000|  0%| F|  |TAMS 0x0000000613c00000| PB 0x0000000613c00000| Untracked 
|  80|0x0000000614000000, 0x0000000614000000, 0x0000000614400000|  0%| F|  |TAMS 0x0000000614000000| PB 0x0000000614000000| Untracked 
|  81|0x0000000614400000, 0x0000000614400000, 0x0000000614800000|  0%| F|  |TAMS 0x0000000614400000| PB 0x0000000614400000| Untracked 
|  82|0x0000000614800000, 0x0000000614800000, 0x0000000614c00000|  0%| F|  |TAMS 0x0000000614800000| PB 0x0000000614800000| Untracked 
|  83|0x0000000614c00000, 0x0000000614c00000, 0x0000000615000000|  0%| F|  |TAMS 0x0000000614c00000| PB 0x0000000614c00000| Untracked 
|  84|0x0000000615000000, 0x0000000615000000, 0x0000000615400000|  0%| F|  |TAMS 0x0000000615000000| PB 0x0000000615000000| Untracked 
|  85|0x0000000615400000, 0x0000000615400000, 0x0000000615800000|  0%| F|  |TAMS 0x0000000615400000| PB 0x0000000615400000| Untracked 
|  86|0x0000000615800000, 0x0000000615800000, 0x0000000615c00000|  0%| F|  |TAMS 0x0000000615800000| PB 0x0000000615800000| Untracked 
|  87|0x0000000615c00000, 0x0000000615c00000, 0x0000000616000000|  0%| F|  |TAMS 0x0000000615c00000| PB 0x0000000615c00000| Untracked 
|  88|0x0000000616000000, 0x0000000616000000, 0x0000000616400000|  0%| F|  |TAMS 0x0000000616000000| PB 0x0000000616000000| Untracked 
|  89|0x0000000616400000, 0x0000000616400000, 0x0000000616800000|  0%| F|  |TAMS 0x0000000616400000| PB 0x0000000616400000| Untracked 
|  90|0x0000000616800000, 0x0000000616800000, 0x0000000616c00000|  0%| F|  |TAMS 0x0000000616800000| PB 0x0000000616800000| Untracked 
|  91|0x0000000616c00000, 0x0000000616c00000, 0x0000000617000000|  0%| F|  |TAMS 0x0000000616c00000| PB 0x0000000616c00000| Untracked 
|  92|0x0000000617000000, 0x0000000617000000, 0x0000000617400000|  0%| F|  |TAMS 0x0000000617000000| PB 0x0000000617000000| Untracked 
|  93|0x0000000617400000, 0x0000000617400000, 0x0000000617800000|  0%| F|  |TAMS 0x0000000617400000| PB 0x0000000617400000| Untracked 
|  94|0x0000000617800000, 0x0000000617800000, 0x0000000617c00000|  0%| F|  |TAMS 0x0000000617800000| PB 0x0000000617800000| Untracked 
|  95|0x0000000617c00000, 0x0000000617c00000, 0x0000000618000000|  0%| F|  |TAMS 0x0000000617c00000| PB 0x0000000617c00000| Untracked 
|  96|0x0000000618000000, 0x0000000618000000, 0x0000000618400000|  0%| F|  |TAMS 0x0000000618000000| PB 0x0000000618000000| Untracked 
|  97|0x0000000618400000, 0x0000000618400000, 0x0000000618800000|  0%| F|  |TAMS 0x0000000618400000| PB 0x0000000618400000| Untracked 
|  98|0x0000000618800000, 0x0000000618800000, 0x0000000618c00000|  0%| F|  |TAMS 0x0000000618800000| PB 0x0000000618800000| Untracked 
|  99|0x0000000618c00000, 0x0000000618c00000, 0x0000000619000000|  0%| F|  |TAMS 0x0000000618c00000| PB 0x0000000618c00000| Untracked 
| 100|0x0000000619000000, 0x0000000619000000, 0x0000000619400000|  0%| F|  |TAMS 0x0000000619000000| PB 0x0000000619000000| Untracked 
| 101|0x0000000619400000, 0x0000000619400000, 0x0000000619800000|  0%| F|  |TAMS 0x0000000619400000| PB 0x0000000619400000| Untracked 
| 102|0x0000000619800000, 0x0000000619800000, 0x0000000619c00000|  0%| F|  |TAMS 0x0000000619800000| PB 0x0000000619800000| Untracked 
| 103|0x0000000619c00000, 0x0000000619c00000, 0x000000061a000000|  0%| F|  |TAMS 0x0000000619c00000| PB 0x0000000619c00000| Untracked 
| 104|0x000000061a000000, 0x000000061a000000, 0x000000061a400000|  0%| F|  |TAMS 0x000000061a000000| PB 0x000000061a000000| Untracked 
| 105|0x000000061a400000, 0x000000061a400000, 0x000000061a800000|  0%| F|  |TAMS 0x000000061a400000| PB 0x000000061a400000| Untracked 
| 106|0x000000061a800000, 0x000000061a800000, 0x000000061ac00000|  0%| F|  |TAMS 0x000000061a800000| PB 0x000000061a800000| Untracked 
| 107|0x000000061ac00000, 0x000000061ac00000, 0x000000061b000000|  0%| F|  |TAMS 0x000000061ac00000| PB 0x000000061ac00000| Untracked 
| 108|0x000000061b000000, 0x000000061b000000, 0x000000061b400000|  0%| F|  |TAMS 0x000000061b000000| PB 0x000000061b000000| Untracked 
| 109|0x000000061b400000, 0x000000061b400000, 0x000000061b800000|  0%| F|  |TAMS 0x000000061b400000| PB 0x000000061b400000| Untracked 
| 110|0x000000061b800000, 0x000000061b800000, 0x000000061bc00000|  0%| F|  |TAMS 0x000000061b800000| PB 0x000000061b800000| Untracked 
| 111|0x000000061bc00000, 0x000000061bc00000, 0x000000061c000000|  0%| F|  |TAMS 0x000000061bc00000| PB 0x000000061bc00000| Untracked 
| 112|0x000000061c000000, 0x000000061c000000, 0x000000061c400000|  0%| F|  |TAMS 0x000000061c000000| PB 0x000000061c000000| Untracked 
| 113|0x000000061c400000, 0x000000061c400000, 0x000000061c800000|  0%| F|  |TAMS 0x000000061c400000| PB 0x000000061c400000| Untracked 
| 114|0x000000061c800000, 0x000000061c800000, 0x000000061cc00000|  0%| F|  |TAMS 0x000000061c800000| PB 0x000000061c800000| Untracked 
| 115|0x000000061cc00000, 0x000000061cc00000, 0x000000061d000000|  0%| F|  |TAMS 0x000000061cc00000| PB 0x000000061cc00000| Untracked 
| 116|0x000000061d000000, 0x000000061d000000, 0x000000061d400000|  0%| F|  |TAMS 0x000000061d000000| PB 0x000000061d000000| Untracked 
| 117|0x000000061d400000, 0x000000061d400000, 0x000000061d800000|  0%| F|  |TAMS 0x000000061d400000| PB 0x000000061d400000| Untracked 
| 118|0x000000061d800000, 0x000000061d800000, 0x000000061dc00000|  0%| F|  |TAMS 0x000000061d800000| PB 0x000000061d800000| Untracked 
| 119|0x000000061dc00000, 0x000000061dc00000, 0x000000061e000000|  0%| F|  |TAMS 0x000000061dc00000| PB 0x000000061dc00000| Untracked 
| 120|0x000000061e000000, 0x000000061e000000, 0x000000061e400000|  0%| F|  |TAMS 0x000000061e000000| PB 0x000000061e000000| Untracked 
| 121|0x000000061e400000, 0x000000061e400000, 0x000000061e800000|  0%| F|  |TAMS 0x000000061e400000| PB 0x000000061e400000| Untracked 
| 122|0x000000061e800000, 0x000000061e800000, 0x000000061ec00000|  0%| F|  |TAMS 0x000000061e800000| PB 0x000000061e800000| Untracked 
| 123|0x000000061ec00000, 0x000000061ecf60f0, 0x000000061f000000| 24%| E|  |TAMS 0x000000061ec00000| PB 0x000000061ec00000| Complete 
| 124|0x000000061f000000, 0x000000061f400000, 0x000000061f400000|100%| E|CS|TAMS 0x000000061f000000| PB 0x000000061f000000| Complete 
| 125|0x000000061f400000, 0x000000061f800000, 0x000000061f800000|100%| E|CS|TAMS 0x000000061f400000| PB 0x000000061f400000| Complete 
| 126|0x000000061f800000, 0x000000061fc00000, 0x000000061fc00000|100%| E|CS|TAMS 0x000000061f800000| PB 0x000000061f800000| Complete 
| 127|0x000000061fc00000, 0x0000000620000000, 0x0000000620000000|100%| E|CS|TAMS 0x000000061fc00000| PB 0x000000061fc00000| Complete 

Card table byte_map: [0x0000022117820000,0x0000022118820000] _byte_map_base: 0x0000022114820000

Marking Bits: (CMBitMap*) 0x0000022103eed2f0
 Bits: [0x0000022118820000, 0x0000022120820000)

Polling page: 0x0000022101dc0000

Metaspace:

Usage:
  Non-class:     15.08 MB used.
      Class:      1.79 MB used.
       Both:     16.88 MB used.

Virtual space:
  Non-class space:       64.00 MB reserved,      15.25 MB ( 24%) committed,  1 nodes.
      Class space:        1.00 GB reserved,       1.88 MB ( <1%) committed,  1 nodes.
             Both:        1.06 GB reserved,      17.12 MB (  2%) committed. 

Chunk freelists:
   Non-Class:  652.00 KB
       Class:  14.13 MB
        Both:  14.76 MB

MaxMetaspaceSize: unlimited
CompressedClassSpaceSize: 1.00 GB
Initial GC threshold: 21.00 MB
Current GC threshold: 21.00 MB
CDS: off
 - commit_granule_bytes: 65536.
 - commit_granule_words: 8192.
 - virtual_space_node_default_size: 8388608.
 - enlarge_chunks_in_place: 1.
 - use_allocation_guard: 0.


Internal statistics:

num_allocs_failed_limit: 0.
num_arena_births: 268.
num_arena_deaths: 0.
num_vsnodes_births: 2.
num_vsnodes_deaths: 0.
num_space_committed: 274.
num_space_uncommitted: 0.
num_chunks_returned_to_freelist: 0.
num_chunks_taken_from_freelist: 478.
num_chunk_merges: 0.
num_chunk_splits: 263.
num_chunks_enlarged: 123.
num_inconsistent_stats: 0.

CodeHeap 'non-profiled nmethods': size=119168Kb used=417Kb max_used=417Kb free=118751Kb
 bounds [0x000002210eb40000, 0x000002210edb0000, 0x0000022115fa0000]
CodeHeap 'profiled nmethods': size=119104Kb used=2234Kb max_used=2234Kb free=116870Kb
 bounds [0x0000022106fa0000, 0x0000022107210000, 0x000002210e3f0000]
CodeHeap 'non-nmethods': size=7488Kb used=1977Kb max_used=1999Kb free=5510Kb
 bounds [0x000002210e3f0000, 0x000002210e660000, 0x000002210eb40000]
 total_blobs=1818 nmethods=1300 adapters=422
 compilation: enabled
              stopped_count=0, restarted_count=0
 full_count=0

Compilation events (20 events):
Event: 0.763 Thread 0x0000022123a092d0 nmethod 1283 0x00000221071bd590 code [0x00000221071bd7c0, 0x00000221071bddf8]
Event: 0.763 Thread 0x0000022123a092d0 1284       3       java.util.Optional::of (12 bytes)
Event: 0.764 Thread 0x0000022123a092d0 nmethod 1284 0x00000221071be090 code [0x00000221071be260, 0x00000221071be620]
Event: 0.764 Thread 0x0000022123a092d0 1285       3       java.lang.ref.Reference::clear (5 bytes)
Event: 0.764 Thread 0x0000022123b389f0 nmethod 1281 0x00000221071be790 code [0x00000221071befc0, 0x00000221071c4218]
Event: 0.764 Thread 0x0000022123a092d0 nmethod 1285 0x00000221071c6110 code [0x00000221071c62c0, 0x00000221071c63f8]
Event: 0.765 Thread 0x0000022123b389f0 1286       3       java.nio.DirectByteBuffer::<init> (60 bytes)
Event: 0.765 Thread 0x0000022123a092d0 1287       3       java.nio.MappedByteBuffer::<init> (24 bytes)
Event: 0.765 Thread 0x0000022123a092d0 nmethod 1287 0x00000221071c6490 code [0x00000221071c6640, 0x00000221071c67f8]
Event: 0.765 Thread 0x0000022123b389f0 nmethod 1286 0x00000221071c6890 code [0x00000221071c6a60, 0x00000221071c6ea8]
Event: 0.765 Thread 0x0000022123b389f0 1288   !   3       jdk.internal.ref.PhantomCleanable::remove (60 bytes)
Event: 0.765 Thread 0x0000022123a092d0 1289       3       sun.net.util.URLUtil::urlNoFragString (143 bytes)
Event: 0.765 Thread 0x0000022123b389f0 nmethod 1288 0x00000221071c7010 code [0x00000221071c71e0, 0x00000221071c7630]
Event: 0.765 Thread 0x0000022123b389f0 1290       3       java.net.URL::getDefaultPort (8 bytes)
Event: 0.765 Thread 0x0000022123b389f0 nmethod 1290 0x00000221071c7810 code [0x00000221071c79c0, 0x00000221071c7ba0]
Event: 0.765 Thread 0x0000022123b389f0 1291       3       java.net.URL::toString (5 bytes)
Event: 0.765 Thread 0x0000022123b389f0 nmethod 1291 0x00000221071c7c90 code [0x00000221071c7e40, 0x00000221071c8078]
Event: 0.765 Thread 0x0000022123b389f0 1292       3       java.net.URL::toExternalForm (9 bytes)
Event: 0.765 Thread 0x0000022123b389f0 nmethod 1292 0x00000221071c8190 code [0x00000221071c8340, 0x00000221071c8520]
Event: 0.765 Thread 0x0000022123b389f0 1293       3       java.net.URLStreamHandler::toExternalForm (156 bytes)

GC Heap History (0 events):
No events

Dll operation events (2 events):
Event: 0.007 Loaded shared library C:\Program Files\Android\Android Studio1\jbr\bin\java.dll
Event: 0.013 Loaded shared library C:\Program Files\Android\Android Studio1\jbr\bin\zip.dll

Deoptimization events (20 events):
Event: 0.669 Thread 0x000002212842e840 Uncommon trap: trap_request=0xffffff66 fr.pc=0x000002210eb9a27c relative=0x000000000000031c
Event: 0.669 Thread 0x000002212842e840 Uncommon trap: reason=speculate_class_check action=maybe_recompile pc=0x000002210eb9a27c method=sun.security.util.math.intpoly.IntegerPolynomial.multByInt([JJ)V @ 26 c2
Event: 0.669 Thread 0x000002212842e840 DEOPT PACKING pc=0x000002210eb9a27c sp=0x0000004f7b6fe1a0
Event: 0.669 Thread 0x000002212842e840 DEOPT UNPACKING pc=0x000002210e4446a2 sp=0x0000004f7b6fe088 mode 2
Event: 0.669 Thread 0x000002212842e840 Uncommon trap: trap_request=0xffffff66 fr.pc=0x000002210eb9a27c relative=0x000000000000031c
Event: 0.669 Thread 0x000002212842e840 Uncommon trap: reason=speculate_class_check action=maybe_recompile pc=0x000002210eb9a27c method=sun.security.util.math.intpoly.IntegerPolynomial.multByInt([JJ)V @ 26 c2
Event: 0.669 Thread 0x000002212842e840 DEOPT PACKING pc=0x000002210eb9a27c sp=0x0000004f7b6fe1a0
Event: 0.669 Thread 0x000002212842e840 DEOPT UNPACKING pc=0x000002210e4446a2 sp=0x0000004f7b6fe088 mode 2
Event: 0.669 Thread 0x000002212842e840 Uncommon trap: trap_request=0xffffff66 fr.pc=0x000002210eb9aefc relative=0x000000000000031c
Event: 0.669 Thread 0x000002212842e840 Uncommon trap: reason=speculate_class_check action=maybe_recompile pc=0x000002210eb9aefc method=sun.security.util.math.intpoly.IntegerPolynomial.multByInt([JJ)V @ 26 c2
Event: 0.669 Thread 0x000002212842e840 DEOPT PACKING pc=0x000002210eb9aefc sp=0x0000004f7b6fe130
Event: 0.669 Thread 0x000002212842e840 DEOPT UNPACKING pc=0x000002210e4446a2 sp=0x0000004f7b6fe080 mode 2
Event: 0.669 Thread 0x000002212842e840 Uncommon trap: trap_request=0xffffff66 fr.pc=0x000002210eb9aefc relative=0x000000000000031c
Event: 0.669 Thread 0x000002212842e840 Uncommon trap: reason=speculate_class_check action=maybe_recompile pc=0x000002210eb9aefc method=sun.security.util.math.intpoly.IntegerPolynomial.multByInt([JJ)V @ 26 c2
Event: 0.669 Thread 0x000002212842e840 DEOPT PACKING pc=0x000002210eb9aefc sp=0x0000004f7b6fe130
Event: 0.669 Thread 0x000002212842e840 DEOPT UNPACKING pc=0x000002210e4446a2 sp=0x0000004f7b6fe080 mode 2
Event: 0.738 Thread 0x000002212842e840 Uncommon trap: trap_request=0xffffff45 fr.pc=0x000002210eba2b3c relative=0x000000000000097c
Event: 0.738 Thread 0x000002212842e840 Uncommon trap: reason=unstable_if action=reinterpret pc=0x000002210eba2b3c method=java.util.HashMap.putVal(ILjava/lang/Object;Ljava/lang/Object;ZZ)Ljava/lang/Object; @ 81 c2
Event: 0.738 Thread 0x000002212842e840 DEOPT PACKING pc=0x000002210eba2b3c sp=0x0000004f7b6fe460
Event: 0.738 Thread 0x000002212842e840 DEOPT UNPACKING pc=0x000002210e4446a2 sp=0x0000004f7b6fe3f0 mode 2

Classes loaded (20 events):
Event: 0.746 Loading class java/util/stream/LongPipeline$StatelessOp done
Event: 0.746 Loading class java/util/stream/ReferencePipeline$5 done
Event: 0.746 Loading class java/util/stream/FindOps$FindSink$OfLong
Event: 0.746 Loading class java/util/stream/Sink$OfLong
Event: 0.746 Loading class java/util/function/LongConsumer
Event: 0.746 Loading class java/util/function/LongConsumer done
Event: 0.746 Loading class java/util/stream/Sink$OfLong done
Event: 0.746 Loading class java/util/stream/FindOps$FindSink$OfLong done
Event: 0.746 Loading class java/util/OptionalLong
Event: 0.746 Loading class java/util/OptionalLong done
Event: 0.747 Loading class java/util/stream/ReferencePipeline$5$1
Event: 0.747 Loading class java/util/stream/ReferencePipeline$5$1 done
Event: 0.747 Loading class java/lang/IllegalAccessException
Event: 0.747 Loading class java/lang/IllegalAccessException done
Event: 0.748 Loading class java/lang/invoke/VarHandleBytes$FieldInstanceReadWrite
Event: 0.748 Loading class java/lang/invoke/VarHandleBytes$FieldInstanceReadOnly
Event: 0.748 Loading class java/lang/invoke/VarHandleBytes$FieldInstanceReadOnly done
Event: 0.748 Loading class java/lang/invoke/VarHandleBytes$FieldInstanceReadWrite done
Event: 0.761 Loading class java/nio/HeapByteBufferR
Event: 0.762 Loading class java/nio/HeapByteBufferR done

Classes unloaded (0 events):
No events

Classes redefined (0 events):
No events

Internal exceptions (20 events):
Event: 0.380 Thread 0x0000022103e48d00 Exception <a 'java/lang/NoSuchMethodError'{0x000000061fac8850}: 'int java.lang.invoke.DirectMethodHandle$Holder.invokeStaticInit(java.lang.Object, float, float)'> (0x000000061fac8850) 
thrown [s\src\hotspot\share\interpreter\linkResolver.cpp, line 784]
Event: 0.381 Thread 0x0000022103e48d00 Exception <a 'java/lang/NoSuchMethodError'{0x000000061facf2e0}: 'int java.lang.invoke.DirectMethodHandle$Holder.invokeStaticInit(java.lang.Object, double, double)'> (0x000000061facf2e0) 
thrown [s\src\hotspot\share\interpreter\linkResolver.cpp, line 784]
Event: 0.382 Thread 0x0000022103e48d00 Exception <a 'java/lang/NoSuchMethodError'{0x000000061fad3968}: 'int java.lang.invoke.DirectMethodHandle$Holder.invokeStatic(java.lang.Object, long)'> (0x000000061fad3968) 
thrown [s\src\hotspot\share\interpreter\linkResolver.cpp, line 784]
Event: 0.386 Thread 0x0000022103e48d00 Exception <a 'java/lang/NoSuchMethodError'{0x000000061fb00ab0}: 'java.lang.Object java.lang.invoke.DelegatingMethodHandle$Holder.delegate(java.lang.Object, int, java.lang.Object, java.lang.Object)'> (0x000000061fb00ab0) 
thrown [s\src\hotspot\share\interpreter\linkResolver.cpp, line 784]
Event: 0.388 Thread 0x0000022103e48d00 Exception <a 'java/lang/NoSuchMethodError'{0x000000061fb0fdd0}: 'int java.lang.invoke.Invokers$Holder.linkToTargetMethod(java.lang.Object, java.lang.Object, java.lang.Object)'> (0x000000061fb0fdd0) 
thrown [s\src\hotspot\share\interpreter\linkResolver.cpp, line 784]
Event: 0.392 Thread 0x0000022103e48d00 Exception <a 'java/lang/NoSuchMethodError'{0x000000061fb3ecb0}: 'long java.lang.invoke.DirectMethodHandle$Holder.invokeSpecial(java.lang.Object, java.lang.Object)'> (0x000000061fb3ecb0) 
thrown [s\src\hotspot\share\interpreter\linkResolver.cpp, line 784]
Event: 0.393 Thread 0x0000022103e48d00 Exception <a 'java/lang/NoSuchMethodError'{0x000000061fb45580}: 'int java.lang.invoke.DirectMethodHandle$Holder.invokeStatic(java.lang.Object, java.lang.Object, java.lang.Object, java.lang.Object)'> (0x000000061fb45580) 
thrown [s\src\hotspot\share\interpreter\linkResolver.cpp, line 784]
Event: 0.393 Thread 0x0000022103e48d00 Exception <a 'java/lang/NoSuchMethodError'{0x000000061fb489a0}: 'java.lang.Object java.lang.invoke.Invokers$Holder.invokeExact_MT(java.lang.Object, java.lang.Object, java.lang.Object, java.lang.Object, java.lang.Object, java.lang.Object)'> (0x000000061fb489a0) 
thrown [s\src\hotspot\share\interpreter\linkResolver.cpp, line 784]
Event: 0.479 Thread 0x0000022103e48d00 Exception <a 'java/lang/NoSuchMethodError'{0x000000061f527ba0}: 'java.lang.Object java.lang.invoke.DirectMethodHandle$Holder.newInvokeSpecial(java.lang.Object, java.lang.Object, java.lang.Object, java.lang.Object, java.lang.Object)'> (0x000000061f527ba0) 
thrown [s\src\hotspot\share\interpreter\linkResolver.cpp, line 784]
Event: 0.509 Thread 0x0000022103e48d00 Exception <a 'java/lang/NoSuchMethodError'{0x000000061f6fe660}: 'java.lang.Object java.lang.invoke.DirectMethodHandle$Holder.invokeSpecial(java.lang.Object, java.lang.Object, java.lang.Object, java.lang.Object, int)'> (0x000000061f6fe660) 
thrown [s\src\hotspot\share\interpreter\linkResolver.cpp, line 784]
Event: 0.510 Thread 0x0000022103e48d00 Exception <a 'java/lang/NoSuchMethodError'{0x000000061f701fc8}: 'java.lang.Object java.lang.invoke.Invokers$Holder.linkToTargetMethod(java.lang.Object, java.lang.Object, int, java.lang.Object)'> (0x000000061f701fc8) 
thrown [s\src\hotspot\share\interpreter\linkResolver.cpp, line 784]
Event: 0.516 Thread 0x0000022103e48d00 Exception <a 'java/lang/NoSuchMethodError'{0x000000061f72d2a0}: 'void java.lang.invoke.DirectMethodHandle$Holder.invokeSpecial(java.lang.Object, java.lang.Object, java.lang.Object)'> (0x000000061f72d2a0) 
thrown [s\src\hotspot\share\interpreter\linkResolver.cpp, line 784]
Event: 0.529 Thread 0x00000221283b7f60 Exception <a 'java/lang/NoSuchMethodError'{0x000000061f591188}: 'void java.lang.invoke.DirectMethodHandle$Holder.invokeStatic(java.lang.Object, java.lang.Object, int)'> (0x000000061f591188) 
thrown [s\src\hotspot\share\interpreter\linkResolver.cpp, line 784]
Event: 0.530 Thread 0x0000022103e48d00 Exception <a 'java/lang/NoSuchMethodError'{0x000000061f7b2d08}: 'void java.lang.invoke.DirectMethodHandle$Holder.invokeSpecial(java.lang.Object, java.lang.Object, java.lang.Object, java.lang.Object, java.lang.Object)'> (0x000000061f7b2d08) 
thrown [s\src\hotspot\share\interpreter\linkResolver.cpp, line 784]
Event: 0.538 Thread 0x00000221283b7f60 Exception <a 'java/lang/NoSuchMethodError'{0x000000061f5cab18}: 'void java.lang.invoke.DirectMethodHandle$Holder.invokeStatic(java.lang.Object, java.lang.Object)'> (0x000000061f5cab18) 
thrown [s\src\hotspot\share\interpreter\linkResolver.cpp, line 784]
Event: 0.539 Thread 0x000002212842e840 Exception <a 'java/lang/NoSuchMethodError'{0x000000061f019728}: 'void java.lang.invoke.DirectMethodHandle$Holder.invokeInterface(java.lang.Object, java.lang.Object, java.lang.Object)'> (0x000000061f019728) 
thrown [s\src\hotspot\share\interpreter\linkResolver.cpp, line 784]
Event: 0.545 Thread 0x000002212842e840 Exception <a 'java/lang/NoSuchMethodError'{0x000000061f05f078}: 'void java.lang.invoke.DirectMethodHandle$Holder.invokeVirtual(java.lang.Object, java.lang.Object)'> (0x000000061f05f078) 
thrown [s\src\hotspot\share\interpreter\linkResolver.cpp, line 784]
Event: 0.657 Thread 0x000002212842e840 Exception <a 'java/lang/NoSuchMethodError'{0x000000061f26bd80}: 'void java.lang.invoke.DirectMethodHandle$Holder.invokeInterface(java.lang.Object, java.lang.Object)'> (0x000000061f26bd80) 
thrown [s\src\hotspot\share\interpreter\linkResolver.cpp, line 784]
Event: 0.707 Thread 0x000002212842e840 Exception <a 'java/lang/NoSuchMethodError'{0x000000061f2de5b8}: 'void java.lang.invoke.DirectMethodHandle$Holder.invokeStatic(java.lang.Object, java.lang.Object, java.lang.Object, java.lang.Object)'> (0x000000061f2de5b8) 
thrown [s\src\hotspot\share\interpreter\linkResolver.cpp, line 784]
Event: 0.755 Thread 0x000002212842e840 Exception <a 'java/lang/NoSuchMethodError'{0x000000061ec73620}: 'void java.lang.invoke.DirectMethodHandle$Holder.invokeSpecial(java.lang.Object, java.lang.Object, java.lang.Object, java.lang.Object, java.lang.Object, java.lang.Object, java.lang.Object)'> (0x000000061ec73620) 
thrown [s\src\hotspot\share\interpreter\linkResolver.cpp, line 784]

ZGC Phase Switch (0 events):
No events

VM Operations (14 events):
Event: 0.125 Executing VM operation: HandshakeAllThreads (Deoptimize)
Event: 0.125 Executing VM operation: HandshakeAllThreads (Deoptimize) done
Event: 0.136 Executing VM operation: HandshakeAllThreads (Deoptimize)
Event: 0.137 Executing VM operation: HandshakeAllThreads (Deoptimize) done
Event: 0.320 Executing VM operation: HandshakeAllThreads (Deoptimize)
Event: 0.320 Executing VM operation: HandshakeAllThreads (Deoptimize) done
Event: 0.533 Executing VM operation: HandshakeAllThreads (Deoptimize)
Event: 0.533 Executing VM operation: HandshakeAllThreads (Deoptimize) done
Event: 0.727 Executing VM operation: ICBufferFull
Event: 0.727 Executing VM operation: ICBufferFull done
Event: 0.742 Executing VM operation: HandshakeAllThreads (Deoptimize)
Event: 0.742 Executing VM operation: HandshakeAllThreads (Deoptimize) done
Event: 0.762 Executing VM operation: HandshakeAllThreads (Deoptimize)
Event: 0.762 Executing VM operation: HandshakeAllThreads (Deoptimize) done

Memory protections (0 events):
No events

Nmethod flushes (0 events):
No events

Events (20 events):
Event: 0.063 Thread 0x0000022103e48d00 Thread added: 0x00000221239f33f0
Event: 0.063 Thread 0x0000022103e48d00 Thread added: 0x0000022123a05de0
Event: 0.063 Thread 0x0000022103e48d00 Thread added: 0x0000022123a0b030
Event: 0.063 Thread 0x0000022103e48d00 Thread added: 0x0000022123a08840
Event: 0.063 Thread 0x0000022103e48d00 Thread added: 0x0000022123a092d0
Event: 0.088 Thread 0x0000022123a092d0 Thread added: 0x0000022123b389f0
Event: 0.093 Thread 0x0000022103e48d00 Thread added: 0x0000022123bb5110
Event: 0.099 Thread 0x0000022103e48d00 Thread added: 0x0000022123bbd940
Event: 0.106 Loaded shared library C:\Program Files\Android\Android Studio1\jbr\bin\net.dll
Event: 0.108 Loaded shared library C:\Program Files\Android\Android Studio1\jbr\bin\nio.dll
Event: 0.118 Loaded shared library C:\Program Files\Android\Android Studio1\jbr\bin\zip.dll
Event: 0.200 Loaded shared library C:\Program Files\Android\Android Studio1\jbr\bin\jimage.dll
Event: 0.468 Loaded shared library C:\Program Files\Android\Android Studio1\jbr\bin\extnet.dll
Event: 0.474 Thread 0x0000022103e48d00 Thread added: 0x00000221283b7f60
Event: 0.537 Thread 0x00000221283b7f60 Thread added: 0x000002212842e840
Event: 0.552 Thread 0x00000221283b7f60 Thread added: 0x0000022128436020
Event: 0.592 Thread 0x0000022123a092d0 Thread added: 0x0000022128561030
Event: 0.594 Thread 0x0000022123b389f0 Thread added: 0x0000022128561ae0
Event: 0.596 Thread 0x0000022123a092d0 Thread added: 0x0000022128682e20
Event: 0.596 Thread 0x0000022123a092d0 Thread added: 0x00000221284deb00


Dynamic libraries:
0x00007ff6ea160000 - 0x00007ff6ea16a000 	C:\Program Files\Android\Android Studio1\jbr\bin\java.exe
0x00007fff51d90000 - 0x00007fff51f90000 	C:\Windows\SYSTEM32\ntdll.dll
0x00007fff50db0000 - 0x00007fff50e6c000 	C:\Windows\System32\KERNEL32.DLL
0x00007fff4f5a0000 - 0x00007fff4f8ff000 	C:\Windows\System32\KERNELBASE.dll
0x00007fff4d4e0000 - 0x00007fff4d571000 	C:\Windows\SYSTEM32\apphelp.dll
0x00007fff4f490000 - 0x00007fff4f5a0000 	C:\Windows\System32\ucrtbase.dll
0x00007fff3f850000 - 0x00007fff3f86b000 	C:\Program Files\Android\Android Studio1\jbr\bin\VCRUNTIME140.dll
0x00007fff3b720000 - 0x00007fff3b738000 	C:\Program Files\Android\Android Studio1\jbr\bin\jli.dll
0x00007fff50e70000 - 0x00007fff51015000 	C:\Windows\System32\USER32.dll
0x00007fff4f9c0000 - 0x00007fff4f9e6000 	C:\Windows\System32\win32u.dll
0x00007fff3c430000 - 0x00007fff3c6d5000 	C:\Windows\WinSxS\amd64_microsoft.windows.common-controls_6595b64144ccf1df_6.0.20348.1_none_88d3d41d702dedea\COMCTL32.dll
0x00007fff51c10000 - 0x00007fff51c3b000 	C:\Windows\System32\GDI32.dll
0x00007fff4f370000 - 0x00007fff4f481000 	C:\Windows\System32\gdi32full.dll
0x00007fff514e0000 - 0x00007fff51583000 	C:\Windows\System32\msvcrt.dll
0x00007fff4f9f0000 - 0x00007fff4fa90000 	C:\Windows\System32\msvcp_win.dll
0x00007fff4fea0000 - 0x00007fff4fed1000 	C:\Windows\System32\IMM32.DLL
0x00007fff405a0000 - 0x00007fff405ac000 	C:\Program Files\Android\Android Studio1\jbr\bin\vcruntime140_1.dll
0x00007fff21370000 - 0x00007fff213fd000 	C:\Program Files\Android\Android Studio1\jbr\bin\msvcp140.dll
0x00007fff26b60000 - 0x00007fff277ea000 	C:\Program Files\Android\Android Studio1\jbr\bin\server\jvm.dll
0x00007fff51430000 - 0x00007fff514dc000 	C:\Windows\System32\ADVAPI32.dll
0x00007fff4fe00000 - 0x00007fff4fe9e000 	C:\Windows\System32\sechost.dll
0x00007fff4fce0000 - 0x00007fff4fdff000 	C:\Windows\System32\RPCRT4.dll
0x00007fff51c40000 - 0x00007fff51cb1000 	C:\Windows\System32\WS2_32.dll
0x00007fff411c0000 - 0x00007fff411e7000 	C:\Windows\SYSTEM32\WINMM.dll
0x00007fff4f250000 - 0x00007fff4f29d000 	C:\Windows\SYSTEM32\POWRPROF.dll
0x00007fff41a80000 - 0x00007fff41a8a000 	C:\Windows\SYSTEM32\VERSION.dll
0x00007fff4f220000 - 0x00007fff4f233000 	C:\Windows\SYSTEM32\UMPDC.dll
0x00007fff4dec0000 - 0x00007fff4ded7000 	C:\Windows\SYSTEM32\kernel.appcore.dll
0x00007fff3f7a0000 - 0x00007fff3f7aa000 	C:\Program Files\Android\Android Studio1\jbr\bin\jimage.dll
0x00007fff49f80000 - 0x00007fff4a192000 	C:\Windows\SYSTEM32\DBGHELP.DLL
0x00007fff49b10000 - 0x00007fff49b40000 	C:\Windows\SYSTEM32\dbgcore.DLL
0x00007fff4fbf0000 - 0x00007fff4fc6e000 	C:\Windows\System32\bcryptPrimitives.dll
0x00007fff3f5a0000 - 0x00007fff3f5c0000 	C:\Program Files\Android\Android Studio1\jbr\bin\java.dll
0x00007fff3f4e0000 - 0x00007fff3f4f8000 	C:\Program Files\Android\Android Studio1\jbr\bin\zip.dll
0x00007fff4ffe0000 - 0x00007fff5073a000 	C:\Windows\System32\SHELL32.dll
0x00007fff42bf0000 - 0x00007fff43435000 	C:\Windows\SYSTEM32\windows.storage.dll
0x00007fff51890000 - 0x00007fff51c01000 	C:\Windows\System32\combase.dll
0x00007fff50c60000 - 0x00007fff50d4b000 	C:\Windows\System32\SHCORE.dll
0x00007fff513d0000 - 0x00007fff5142f000 	C:\Windows\System32\shlwapi.dll
0x00007fff4f2a0000 - 0x00007fff4f2c1000 	C:\Windows\SYSTEM32\profapi.dll
0x00007fff3f790000 - 0x00007fff3f7a0000 	C:\Program Files\Android\Android Studio1\jbr\bin\net.dll
0x00007fff494a0000 - 0x00007fff495a2000 	C:\Windows\SYSTEM32\WINHTTP.dll
0x00007fff4e890000 - 0x00007fff4e8f8000 	C:\Windows\system32\mswsock.dll
0x00007fff3f4c0000 - 0x00007fff3f4d6000 	C:\Program Files\Android\Android Studio1\jbr\bin\nio.dll
0x00007fff4eae0000 - 0x00007fff4eaf8000 	C:\Windows\SYSTEM32\CRYPTSP.dll
0x00007fff4e420000 - 0x00007fff4e455000 	C:\Windows\system32\rsaenh.dll
0x00007fff4e980000 - 0x00007fff4e9ae000 	C:\Windows\SYSTEM32\USERENV.dll
0x00007fff4ec20000 - 0x00007fff4ec47000 	C:\Windows\SYSTEM32\bcrypt.dll
0x00007fff4ead0000 - 0x00007fff4eadc000 	C:\Windows\SYSTEM32\CRYPTBASE.dll
0x00007fff4e5f0000 - 0x00007fff4e61d000 	C:\Windows\SYSTEM32\IPHLPAPI.DLL
0x00007fff50bd0000 - 0x00007fff50bd9000 	C:\Windows\System32\NSI.dll
0x00007fff0c950000 - 0x00007fff0c958000 	C:\Windows\system32\wshunix.dll
0x00007fff3f770000 - 0x00007fff3f779000 	C:\Program Files\Android\Android Studio1\jbr\bin\extnet.dll

dbghelp: loaded successfully - version: 4.0.5 - missing functions: none
symbol engine: initialized successfully - sym options: 0x614 - pdb path: .;C:\Program Files\Android\Android Studio1\jbr\bin;C:\Windows\SYSTEM32;C:\Windows\WinSxS\amd64_microsoft.windows.common-controls_6595b64144ccf1df_6.0.20348.1_none_88d3d41d702dedea;C:\Program Files\Android\Android Studio1\jbr\bin\server

VM Arguments:
java_command: git4idea.http.GitAskPassApp Password for 'https://bard678@github.com': 
java_class_path (initial): C:/Program Files/Android/Android Studio1/plugins/vcs-git/lib/git4idea-rt.jar;C:/Program Files/Android/Android Studio1/lib/externalProcess-rt.jar
Launcher Type: SUN_STANDARD

[Global flags]
     intx CICompilerCount                          = 12                                        {product} {ergonomic}
     uint ConcGCThreads                            = 3                                         {product} {ergonomic}
     uint G1ConcRefinementThreads                  = 13                                        {product} {ergonomic}
   size_t G1HeapRegionSize                         = 4194304                                   {product} {ergonomic}
    uintx GCDrainStackTargetSize                   = 64                                        {product} {ergonomic}
   size_t InitialHeapSize                          = 536870912                                 {product} {ergonomic}
   size_t MarkStackSize                            = 4194304                                   {product} {ergonomic}
   size_t MaxHeapSize                              = 8589934592                                {product} {ergonomic}
   size_t MaxNewSize                               = 5150605312                                {product} {ergonomic}
   size_t MinHeapDeltaBytes                        = 4194304                                   {product} {ergonomic}
   size_t MinHeapSize                              = 8388608                                   {product} {ergonomic}
    uintx NonNMethodCodeHeapSize                   = 7602480                                {pd product} {ergonomic}
    uintx NonProfiledCodeHeapSize                  = 122027880                              {pd product} {ergonomic}
    uintx ProfiledCodeHeapSize                     = 122027880                              {pd product} {ergonomic}
    uintx ReservedCodeCacheSize                    = 251658240                              {pd product} {ergonomic}
     bool SegmentedCodeCache                       = true                                      {product} {ergonomic}
   size_t SoftMaxHeapSize                          = 8589934592                             {manageable} {ergonomic}
     bool UseCompressedOops                        = true                           {product lp64_product} {ergonomic}
     bool UseG1GC                                  = true                                      {product} {ergonomic}
     bool UseLargePagesIndividualAllocation        = false                                  {pd product} {ergonomic}

Logging:
Log output configuration:
 #0: stdout all=warning uptime,level,tags foldmultilines=false
 #1: stderr all=off uptime,level,tags foldmultilines=false

Environment Variables:
JAVA_HOME=C:\Program Files\Java\jdk-23
PATH=C:/Program Files/Git/mingw64/libexec/git-core;C:/Program Files/Git/mingw64/libexec/git-core;C:\Program Files\Git\mingw64\bin;C:\Program Files\Git\usr\bin;C:\Users\ecc\bin;C:\Program Files\Common Files\Oracle\Java\javapath;C:\Python312\Scripts\;C:\Python312\;C:\Windows\system32;C:\Windows;C:\Windows\System32\Wbem;C:\Windows\System32\WindowsPowerShell\v1.0\;C:\Windows\System32\OpenSSH\;C:\ProgramData\chocolatey\bin;C:\src\flutter\bin;C:\Program Files\Java\jdk-23\bin;C:\msys64\ucrt64\bin;C:\Program Files (x86)\Windows Kits\10\Windows Performance Toolkit\;C:\Program Files\PuTTY\;C:\Users\ecc\AppData\Roaming\nvm;C:\Program Files\nodejs;C:\Program Files\Microsoft SQL Server\150\Tools\Binn\;C:\Program Files\Microsoft SQL Server\Client SDK\ODBC\170\Tools\Binn\;C:\Program Files\dotnet\;C:\src_nuget;C:\Users\ecc\AppData\Local\Android\Sdk\platform-tools\adb.exe;C:\Program Files\CMake\bin;C:\srcc\opencv\build\x64\vc16\bin;C:\srcc\opencv\build\x64\vc16\lib;C:\Program Files\Git\cmd;C:\Users\ecc\AppData\Local\Microsoft\WindowsApps;C:\Users\ecc\AppData\Local\Programs\Microsoft VS Code\bin;C:\Users\ecc\AppData\Roaming\npm;C:\Program Files\Android\Android Studio1\bin;C:\Users\ecc\.dotnet\tools;C:\Users\ecc\AppData\Local\Android\Sdk\platform-tools\;D:\IntelliJ IDEA Community Edition 2024.3.4\bin;D:\scrcpy-win64-v3.1
USERNAME=ecc
DISPLAY=:0.0
LC_ALL=en_US.UTF-8
TERM=xterm-256color
TMPDIR=C:\Users\ecc\AppData\Local\Temp
OS=Windows_NT
PROCESSOR_IDENTIFIER=Intel64 Family 6 Model 85 Stepping 4, GenuineIntel
TMP=C:\Users\ecc\AppData\Local\Temp
TEMP=C:\Users\ecc\AppData\Local\Temp




Periodic native trim disabled

JNI global refs:
JNI global refs: 28, weak refs: 0

JNI global refs memory usage: 835, weak refs: 833

Process memory usage:
Resident Set Size: 87876K (0% of 33553972K total physical memory with 3377320K free physical memory)

OOME stack traces (most recent first):
Classloader memory used:
Loader bootstrap                                                                       : 15364K
Loader jdk.internal.loader.ClassLoaders$PlatformClassLoader                            : 1900K
Loader jdk.internal.loader.ClassLoaders$AppClassLoader                                 : 20416B

---------------  S Y S T E M  ---------------

OS:
 Windows Server 2022 , 64 bit Build 20348 (10.0.20348.143)
OS uptime: 41 days 0:29 hours
VMWare virtualization detected

CPU: total 16 (initial active 16) (8 cores per cpu, 1 threads per core) family 6 model 85 stepping 4 microcode 0x200004d, cx8, cmov, fxsr, mmx, 3dnowpref, sse, sse2, sse3, ssse3, sse4.1, sse4.2, popcnt, lzcnt, tsc, tscinvbit, avx, avx2, aes, erms, clmul, bmi1, bmi2, rtm, adx, fma, vzeroupper, clflush, hv, rdtscp, f16c
Processor Information for all 16 processors :
  Max Mhz: 2095, Current Mhz: 2095, Mhz Limit: 2095

Memory: 4k page, system-wide physical 32767M (3298M free)
TotalPageFile size 51689M (AvailPageFile size 6M)
current process WorkingSet (physical memory assigned to process): 85M, peak: 85M
current process commit charge ("private bytes"): 637M, peak: 638M

vm_info: OpenJDK 64-Bit Server VM (21.0.5+-12932927-b750.29) for windows-amd64 JRE (21.0.5+-12932927-b750.29), built on 2025-01-17T02:01:10Z by "builder" with MS VC++ 16.10 / 16.11 (VS2019)

END.
